[INFO] Scanning for projects...
[INFO] 
[INFO] ------------------------< ch.wiss:quizbackend >-------------------------
[INFO] Building  0.0.1-SNAPSHOT
[INFO]   from pom.xml
[INFO] --------------------------------[ jar ]---------------------------------
[INFO] 
[INFO] --- resources:3.5.0:resources (default-resources) @ quizbackend ---
[INFO] Copying 1 resource from src\main\resources to target\classes
[INFO] Copying 1 resource from src\main\resources to target\classes
[INFO] 
[INFO] --- compiler:3.15.0:compile (default-compile) @ quizbackend ---
[INFO] Nothing to compile - all classes are up to date.
[INFO] 
[INFO] --- resources:3.5.0:testResources (default-testResources) @ quizbackend ---
[INFO] skip non existing resourceDirectory C:\Users\m_fri\OneDrive\Documents\GitHub\Quizbackend\src\test\resources
[INFO] 
[INFO] --- compiler:3.15.0:testCompile (default-testCompile) @ quizbackend ---
[INFO] Nothing to compile - all classes are up to date.
[INFO] 
[INFO] --- surefire:3.5.6:test (default-test) @ quizbackend ---
[INFO] Tests are skipped.
[INFO] 
[INFO] --- jar:3.5.0:jar (default-jar) @ quizbackend ---
[INFO] 
[INFO] --- spring-boot:4.1.0:repackage (repackage) @ quizbackend ---
[INFO] Replacing main artifact C:\Users\m_fri\OneDrive\Documents\GitHub\Quizbackend\target\quizbackend-0.0.1-SNAPSHOT.jar with repackaged archive, adding nested dependencies in BOOT-INF/.
[INFO] The original artifact has been renamed to C:\Users\m_fri\OneDrive\Documents\GitHub\Quizbackend\target\quizbackend-0.0.1-SNAPSHOT.jar.original
[INFO] ------------------------------------------------------------------------
[INFO] BUILD SUCCESS
[INFO] ------------------------------------------------------------------------
[INFO] Total time:  2.081 s
[INFO] Finished at: 2026-07-01T06:53:54+02:00
[INFO] ------------------------------------------------------------------------
